<?xml version="1.0" encoding="UTF-8"?>
<coverage generated="1691141083721" clover="3.2.0">
  <project timestamp="1691141083721" name="All files">
    <metrics statements="73" coveredstatements="42" conditionals="49" coveredconditionals="26" methods="8" coveredmethods="8" elements="130" coveredelements="76" complexity="0" loc="73" ncloc="73" packages="1" files="1" classes="1"/>
    <file name="spacecraft.js" path="J:\Incubyte\spacecraft.js">
      <metrics statements="73" coveredstatements="42" conditionals="49" coveredconditionals="26" methods="8" coveredmethods="8"/>
      <line num="4" count="9" type="stmt"/>
      <line num="8" count="5" type="cond" truecount="3" falsecount="4"/>
      <line num="10" count="3" type="stmt"/>
      <line num="11" count="3" type="stmt"/>
      <line num="13" count="1" type="stmt"/>
      <line num="14" count="1" type="stmt"/>
      <line num="16" count="1" type="stmt"/>
      <line num="17" count="1" type="stmt"/>
      <line num="19" count="0" type="stmt"/>
      <line num="20" count="0" type="stmt"/>
      <line num="22" count="0" type="stmt"/>
      <line num="23" count="0" type="stmt"/>
      <line num="25" count="0" type="stmt"/>
      <line num="26" count="0" type="stmt"/>
      <line num="28" count="0" type="stmt"/>
      <line num="33" count="2" type="cond" truecount="2" falsecount="5"/>
      <line num="35" count="1" type="stmt"/>
      <line num="36" count="1" type="stmt"/>
      <line num="38" count="0" type="stmt"/>
      <line num="39" count="0" type="stmt"/>
      <line num="41" count="0" type="stmt"/>
      <line num="42" count="0" type="stmt"/>
      <line num="44" count="0" type="stmt"/>
      <line num="45" count="0" type="stmt"/>
      <line num="47" count="1" type="stmt"/>
      <line num="48" count="1" type="stmt"/>
      <line num="50" count="0" type="stmt"/>
      <line num="51" count="0" type="stmt"/>
      <line num="53" count="0" type="stmt"/>
      <line num="58" count="5" type="cond" truecount="4" falsecount="3"/>
      <line num="62" count="4" type="stmt"/>
      <line num="63" count="4" type="stmt"/>
      <line num="65" count="0" type="stmt"/>
      <line num="66" count="0" type="stmt"/>
      <line num="68" count="1" type="stmt"/>
      <line num="69" count="1" type="stmt"/>
      <line num="71" count="0" type="stmt"/>
      <line num="72" count="0" type="stmt"/>
      <line num="74" count="0" type="stmt"/>
      <line num="79" count="3" type="cond" truecount="3" falsecount="4"/>
      <line num="83" count="3" type="stmt"/>
      <line num="84" count="3" type="stmt"/>
      <line num="86" count="0" type="stmt"/>
      <line num="87" count="0" type="stmt"/>
      <line num="89" count="0" type="stmt"/>
      <line num="90" count="0" type="stmt"/>
      <line num="92" count="0" type="stmt"/>
      <line num="93" count="0" type="stmt"/>
      <line num="95" count="0" type="stmt"/>
      <line num="100" count="3" type="cond" truecount="2" falsecount="3"/>
      <line num="105" count="3" type="stmt"/>
      <line num="106" count="3" type="stmt"/>
      <line num="108" count="0" type="stmt"/>
      <line num="113" count="1" type="cond" truecount="2" falsecount="3"/>
      <line num="117" count="1" type="stmt"/>
      <line num="118" count="1" type="stmt"/>
      <line num="120" count="0" type="stmt"/>
      <line num="126" count="9" type="stmt"/>
      <line num="127" count="19" type="cond" truecount="6" falsecount="1"/>
      <line num="129" count="5" type="stmt"/>
      <line num="130" count="5" type="stmt"/>
      <line num="132" count="2" type="stmt"/>
      <line num="133" count="2" type="stmt"/>
      <line num="135" count="5" type="stmt"/>
      <line num="136" count="5" type="stmt"/>
      <line num="138" count="3" type="stmt"/>
      <line num="139" count="3" type="stmt"/>
      <line num="141" count="3" type="stmt"/>
      <line num="142" count="3" type="stmt"/>
      <line num="144" count="1" type="stmt"/>
      <line num="145" count="1" type="stmt"/>
      <line num="147" count="0" type="stmt"/>
      <line num="153" count="1" type="stmt"/>
    </file>
  </project>
</coverage>
