{"J:\\Incubyte\\spacecraft.js": {"path":"J:\\Incubyte\\spacecraft.js","statementMap":{"0":{"start":{"line":4,"column":8},"end":{"line":4,"column":77}},"1":{"start":{"line":8,"column":8},"end":{"line":29,"column":9}},"2":{"start":{"line":10,"column":16},"end":{"line":10,"column":47}},"3":{"start":{"line":11,"column":16},"end":{"line":11,"column":22}},"4":{"start":{"line":13,"column":16},"end":{"line":13,"column":47}},"5":{"start":{"line":14,"column":16},"end":{"line":14,"column":22}},"6":{"start":{"line":16,"column":16},"end":{"line":16,"column":47}},"7":{"start":{"line":17,"column":16},"end":{"line":17,"column":22}},"8":{"start":{"line":19,"column":16},"end":{"line":19,"column":47}},"9":{"start":{"line":20,"column":16},"end":{"line":20,"column":22}},"10":{"start":{"line":22,"column":16},"end":{"line":22,"column":47}},"11":{"start":{"line":23,"column":16},"end":{"line":23,"column":22}},"12":{"start":{"line":25,"column":16},"end":{"line":25,"column":47}},"13":{"start":{"line":26,"column":16},"end":{"line":26,"column":22}},"14":{"start":{"line":28,"column":16},"end":{"line":28,"column":22}},"15":{"start":{"line":33,"column":8},"end":{"line":54,"column":9}},"16":{"start":{"line":35,"column":16},"end":{"line":35,"column":47}},"17":{"start":{"line":36,"column":16},"end":{"line":36,"column":22}},"18":{"start":{"line":38,"column":16},"end":{"line":38,"column":47}},"19":{"start":{"line":39,"column":16},"end":{"line":39,"column":22}},"20":{"start":{"line":41,"column":16},"end":{"line":41,"column":47}},"21":{"start":{"line":42,"column":16},"end":{"line":42,"column":22}},"22":{"start":{"line":44,"column":16},"end":{"line":44,"column":47}},"23":{"start":{"line":45,"column":16},"end":{"line":45,"column":22}},"24":{"start":{"line":47,"column":16},"end":{"line":47,"column":47}},"25":{"start":{"line":48,"column":16},"end":{"line":48,"column":22}},"26":{"start":{"line":50,"column":16},"end":{"line":50,"column":47}},"27":{"start":{"line":51,"column":16},"end":{"line":51,"column":22}},"28":{"start":{"line":53,"column":16},"end":{"line":53,"column":22}},"29":{"start":{"line":58,"column":8},"end":{"line":75,"column":9}},"30":{"start":{"line":62,"column":16},"end":{"line":62,"column":56}},"31":{"start":{"line":63,"column":16},"end":{"line":63,"column":22}},"32":{"start":{"line":65,"column":16},"end":{"line":65,"column":56}},"33":{"start":{"line":66,"column":16},"end":{"line":66,"column":22}},"34":{"start":{"line":68,"column":16},"end":{"line":68,"column":56}},"35":{"start":{"line":69,"column":16},"end":{"line":69,"column":22}},"36":{"start":{"line":71,"column":16},"end":{"line":71,"column":56}},"37":{"start":{"line":72,"column":16},"end":{"line":72,"column":22}},"38":{"start":{"line":74,"column":16},"end":{"line":74,"column":22}},"39":{"start":{"line":79,"column":8},"end":{"line":96,"column":9}},"40":{"start":{"line":83,"column":16},"end":{"line":83,"column":56}},"41":{"start":{"line":84,"column":16},"end":{"line":84,"column":22}},"42":{"start":{"line":86,"column":16},"end":{"line":86,"column":56}},"43":{"start":{"line":87,"column":16},"end":{"line":87,"column":22}},"44":{"start":{"line":89,"column":16},"end":{"line":89,"column":56}},"45":{"start":{"line":90,"column":16},"end":{"line":90,"column":22}},"46":{"start":{"line":92,"column":16},"end":{"line":92,"column":56}},"47":{"start":{"line":93,"column":16},"end":{"line":93,"column":22}},"48":{"start":{"line":95,"column":16},"end":{"line":95,"column":22}},"49":{"start":{"line":100,"column":8},"end":{"line":109,"column":9}},"50":{"start":{"line":105,"column":16},"end":{"line":105,"column":56}},"51":{"start":{"line":106,"column":16},"end":{"line":106,"column":22}},"52":{"start":{"line":108,"column":16},"end":{"line":108,"column":22}},"53":{"start":{"line":113,"column":8},"end":{"line":121,"column":9}},"54":{"start":{"line":117,"column":22},"end":{"line":117,"column":62}},"55":{"start":{"line":118,"column":16},"end":{"line":118,"column":22}},"56":{"start":{"line":120,"column":16},"end":{"line":120,"column":22}},"57":{"start":{"line":126,"column":8},"end":{"line":149,"column":9}},"58":{"start":{"line":127,"column":12},"end":{"line":148,"column":13}},"59":{"start":{"line":129,"column":20},"end":{"line":129,"column":39}},"60":{"start":{"line":130,"column":20},"end":{"line":130,"column":26}},"61":{"start":{"line":132,"column":20},"end":{"line":132,"column":40}},"62":{"start":{"line":133,"column":20},"end":{"line":133,"column":26}},"63":{"start":{"line":135,"column":20},"end":{"line":135,"column":37}},"64":{"start":{"line":136,"column":20},"end":{"line":136,"column":26}},"65":{"start":{"line":138,"column":20},"end":{"line":138,"column":36}},"66":{"start":{"line":139,"column":20},"end":{"line":139,"column":26}},"67":{"start":{"line":141,"column":20},"end":{"line":141,"column":34}},"68":{"start":{"line":142,"column":20},"end":{"line":142,"column":26}},"69":{"start":{"line":144,"column":20},"end":{"line":144,"column":36}},"70":{"start":{"line":145,"column":20},"end":{"line":145,"column":26}},"71":{"start":{"line":147,"column":20},"end":{"line":147,"column":26}},"72":{"start":{"line":153,"column":0},"end":{"line":153,"column":28}}},"fnMap":{"0":{"name":"(anonymous_0)","decl":{"start":{"line":3,"column":4},"end":{"line":3,"column":5}},"loc":{"start":{"line":3,"column":54},"end":{"line":5,"column":5}},"line":3},"1":{"name":"(anonymous_1)","decl":{"start":{"line":7,"column":4},"end":{"line":7,"column":5}},"loc":{"start":{"line":7,"column":18},"end":{"line":30,"column":5}},"line":7},"2":{"name":"(anonymous_2)","decl":{"start":{"line":32,"column":4},"end":{"line":32,"column":5}},"loc":{"start":{"line":32,"column":19},"end":{"line":55,"column":5}},"line":32},"3":{"name":"(anonymous_3)","decl":{"start":{"line":57,"column":4},"end":{"line":57,"column":5}},"loc":{"start":{"line":57,"column":16},"end":{"line":76,"column":5}},"line":57},"4":{"name":"(anonymous_4)","decl":{"start":{"line":78,"column":4},"end":{"line":78,"column":5}},"loc":{"start":{"line":78,"column":15},"end":{"line":97,"column":5}},"line":78},"5":{"name":"(anonymous_5)","decl":{"start":{"line":99,"column":4},"end":{"line":99,"column":5}},"loc":{"start":{"line":99,"column":13},"end":{"line":110,"column":5}},"line":99},"6":{"name":"(anonymous_6)","decl":{"start":{"line":112,"column":4},"end":{"line":112,"column":5}},"loc":{"start":{"line":112,"column":15},"end":{"line":122,"column":5}},"line":112},"7":{"name":"(anonymous_7)","decl":{"start":{"line":125,"column":4},"end":{"line":125,"column":5}},"loc":{"start":{"line":125,"column":30},"end":{"line":150,"column":5}},"line":125}},"branchMap":{"0":{"loc":{"start":{"line":3,"column":16},"end":{"line":3,"column":21}},"type":"default-arg","locations":[{"start":{"line":3,"column":20},"end":{"line":3,"column":21}}],"line":3},"1":{"loc":{"start":{"line":3,"column":23},"end":{"line":3,"column":28}},"type":"default-arg","locations":[{"start":{"line":3,"column":27},"end":{"line":3,"column":28}}],"line":3},"2":{"loc":{"start":{"line":3,"column":30},"end":{"line":3,"column":35}},"type":"default-arg","locations":[{"start":{"line":3,"column":34},"end":{"line":3,"column":35}}],"line":3},"3":{"loc":{"start":{"line":3,"column":37},"end":{"line":3,"column":52}},"type":"default-arg","locations":[{"start":{"line":3,"column":49},"end":{"line":3,"column":52}}],"line":3},"4":{"loc":{"start":{"line":8,"column":8},"end":{"line":29,"column":9}},"type":"switch","locations":[{"start":{"line":9,"column":12},"end":{"line":11,"column":22}},{"start":{"line":12,"column":12},"end":{"line":14,"column":22}},{"start":{"line":15,"column":12},"end":{"line":17,"column":22}},{"start":{"line":18,"column":12},"end":{"line":20,"column":22}},{"start":{"line":21,"column":12},"end":{"line":23,"column":22}},{"start":{"line":24,"column":12},"end":{"line":26,"column":22}},{"start":{"line":27,"column":12},"end":{"line":28,"column":22}}],"line":8},"5":{"loc":{"start":{"line":33,"column":8},"end":{"line":54,"column":9}},"type":"switch","locations":[{"start":{"line":34,"column":12},"end":{"line":36,"column":22}},{"start":{"line":37,"column":12},"end":{"line":39,"column":22}},{"start":{"line":40,"column":12},"end":{"line":42,"column":22}},{"start":{"line":43,"column":12},"end":{"line":45,"column":22}},{"start":{"line":46,"column":12},"end":{"line":48,"column":22}},{"start":{"line":49,"column":12},"end":{"line":51,"column":22}},{"start":{"line":52,"column":12},"end":{"line":53,"column":22}}],"line":33},"6":{"loc":{"start":{"line":58,"column":8},"end":{"line":75,"column":9}},"type":"switch","locations":[{"start":{"line":59,"column":12},"end":{"line":59,"column":21}},{"start":{"line":60,"column":12},"end":{"line":60,"column":21}},{"start":{"line":61,"column":12},"end":{"line":63,"column":22}},{"start":{"line":64,"column":12},"end":{"line":66,"column":22}},{"start":{"line":67,"column":12},"end":{"line":69,"column":22}},{"start":{"line":70,"column":12},"end":{"line":72,"column":22}},{"start":{"line":73,"column":12},"end":{"line":74,"column":22}}],"line":58},"7":{"loc":{"start":{"line":79,"column":8},"end":{"line":96,"column":9}},"type":"switch","locations":[{"start":{"line":80,"column":12},"end":{"line":80,"column":21}},{"start":{"line":81,"column":12},"end":{"line":81,"column":21}},{"start":{"line":82,"column":12},"end":{"line":84,"column":22}},{"start":{"line":85,"column":12},"end":{"line":87,"column":22}},{"start":{"line":88,"column":12},"end":{"line":90,"column":22}},{"start":{"line":91,"column":12},"end":{"line":93,"column":22}},{"start":{"line":94,"column":12},"end":{"line":95,"column":22}}],"line":79},"8":{"loc":{"start":{"line":100,"column":8},"end":{"line":109,"column":9}},"type":"switch","locations":[{"start":{"line":101,"column":12},"end":{"line":101,"column":21}},{"start":{"line":102,"column":12},"end":{"line":102,"column":21}},{"start":{"line":103,"column":12},"end":{"line":103,"column":21}},{"start":{"line":104,"column":12},"end":{"line":106,"column":22}},{"start":{"line":107,"column":12},"end":{"line":108,"column":22}}],"line":100},"9":{"loc":{"start":{"line":113,"column":8},"end":{"line":121,"column":9}},"type":"switch","locations":[{"start":{"line":114,"column":12},"end":{"line":114,"column":21}},{"start":{"line":115,"column":12},"end":{"line":115,"column":21}},{"start":{"line":116,"column":12},"end":{"line":116,"column":21}},{"start":{"line":117,"column":12},"end":{"line":118,"column":22}},{"start":{"line":119,"column":12},"end":{"line":120,"column":22}}],"line":113},"10":{"loc":{"start":{"line":127,"column":12},"end":{"line":148,"column":13}},"type":"switch","locations":[{"start":{"line":128,"column":16},"end":{"line":130,"column":26}},{"start":{"line":131,"column":16},"end":{"line":133,"column":26}},{"start":{"line":134,"column":16},"end":{"line":136,"column":26}},{"start":{"line":137,"column":16},"end":{"line":139,"column":26}},{"start":{"line":140,"column":16},"end":{"line":142,"column":26}},{"start":{"line":143,"column":16},"end":{"line":145,"column":26}},{"start":{"line":146,"column":16},"end":{"line":147,"column":26}}],"line":127}},"s":{"0":9,"1":5,"2":3,"3":3,"4":1,"5":1,"6":1,"7":1,"8":0,"9":0,"10":0,"11":0,"12":0,"13":0,"14":0,"15":2,"16":1,"17":1,"18":0,"19":0,"20":0,"21":0,"22":0,"23":0,"24":1,"25":1,"26":0,"27":0,"28":0,"29":5,"30":4,"31":4,"32":0,"33":0,"34":1,"35":1,"36":0,"37":0,"38":0,"39":3,"40":3,"41":3,"42":0,"43":0,"44":0,"45":0,"46":0,"47":0,"48":0,"49":3,"50":3,"51":3,"52":0,"53":1,"54":1,"55":1,"56":0,"57":9,"58":19,"59":5,"60":5,"61":2,"62":2,"63":5,"64":5,"65":3,"66":3,"67":3,"68":3,"69":1,"70":1,"71":0,"72":1},"f":{"0":9,"1":5,"2":2,"3":5,"4":3,"5":3,"6":1,"7":9},"b":{"0":[2],"1":[2],"2":[2],"3":[2],"4":[3,1,1,0,0,0,0],"5":[1,0,0,0,1,0,0],"6":[3,4,4,0,1,0,0],"7":[1,3,3,0,0,0,0],"8":[0,0,2,3,0],"9":[0,0,1,1,0],"10":[5,2,5,3,3,1,0]},"_coverageSchema":"1a1c01bbd47fc00a2c39e90264f33305004495a9","hash":"68fefe591cf02adb3de438a17c750c0b2ba292f6"}
}
