TN:
SF:spacecraft.js
FN:3,(anonymous_0)
FN:7,(anonymous_1)
FN:32,(anonymous_2)
FN:57,(anonymous_3)
FN:78,(anonymous_4)
FN:99,(anonymous_5)
FN:112,(anonymous_6)
FN:125,(anonymous_7)
FNF:8
FNH:8
FNDA:9,(anonymous_0)
FNDA:5,(anonymous_1)
FNDA:2,(anonymous_2)
FNDA:5,(anonymous_3)
FNDA:3,(anonymous_4)
FNDA:3,(anonymous_5)
FNDA:1,(anonymous_6)
FNDA:9,(anonymous_7)
DA:4,9
DA:8,5
DA:10,3
DA:11,3
DA:13,1
DA:14,1
DA:16,1
DA:17,1
DA:19,0
DA:20,0
DA:22,0
DA:23,0
DA:25,0
DA:26,0
DA:28,0
DA:33,2
DA:35,1
DA:36,1
DA:38,0
DA:39,0
DA:41,0
DA:42,0
DA:44,0
DA:45,0
DA:47,1
DA:48,1
DA:50,0
DA:51,0
DA:53,0
DA:58,5
DA:62,4
DA:63,4
DA:65,0
DA:66,0
DA:68,1
DA:69,1
DA:71,0
DA:72,0
DA:74,0
DA:79,3
DA:83,3
DA:84,3
DA:86,0
DA:87,0
DA:89,0
DA:90,0
DA:92,0
DA:93,0
DA:95,0
DA:100,3
DA:105,3
DA:106,3
DA:108,0
DA:113,1
DA:117,1
DA:118,1
DA:120,0
DA:126,9
DA:127,19
DA:129,5
DA:130,5
DA:132,2
DA:133,2
DA:135,5
DA:136,5
DA:138,3
DA:139,3
DA:141,3
DA:142,3
DA:144,1
DA:145,1
DA:147,0
DA:153,1
LF:73
LH:42
BRDA:3,0,0,2
BRDA:3,1,0,2
BRDA:3,2,0,2
BRDA:3,3,0,2
BRDA:8,4,0,3
BRDA:8,4,1,1
BRDA:8,4,2,1
BRDA:8,4,3,0
BRDA:8,4,4,0
BRDA:8,4,5,0
BRDA:8,4,6,0
BRDA:33,5,0,1
BRDA:33,5,1,0
BRDA:33,5,2,0
BRDA:33,5,3,0
BRDA:33,5,4,1
BRDA:33,5,5,0
BRDA:33,5,6,0
BRDA:58,6,0,3
BRDA:58,6,1,4
BRDA:58,6,2,4
BRDA:58,6,3,0
BRDA:58,6,4,1
BRDA:58,6,5,0
BRDA:58,6,6,0
BRDA:79,7,0,1
BRDA:79,7,1,3
BRDA:79,7,2,3
BRDA:79,7,3,0
BRDA:79,7,4,0
BRDA:79,7,5,0
BRDA:79,7,6,0
BRDA:100,8,0,0
BRDA:100,8,1,0
BRDA:100,8,2,2
BRDA:100,8,3,3
BRDA:100,8,4,0
BRDA:113,9,0,0
BRDA:113,9,1,0
BRDA:113,9,2,1
BRDA:113,9,3,1
BRDA:113,9,4,0
BRDA:127,10,0,5
BRDA:127,10,1,2
BRDA:127,10,2,5
BRDA:127,10,3,3
BRDA:127,10,4,3
BRDA:127,10,5,1
BRDA:127,10,6,0
BRF:49
BRH:26
end_of_record
